Started GET "/" for 127.0.0.1 at 2018-11-02 12:08:13 -0700
Processing by Rails::WelcomeController#index as HTML
  Rendering c:/RailsInstaller/Ruby2.3.3/lib/ruby/gems/2.3.0/gems/railties-5.1.6/lib/rails/templates/rails/welcome/index.html.erb
  Rendered c:/RailsInstaller/Ruby2.3.3/lib/ruby/gems/2.3.0/gems/railties-5.1.6/lib/rails/templates/rails/welcome/index.html.erb (6.0ms)
Completed 200 OK in 837ms (Views: 62.5ms)


Started GET "/" for 127.0.0.1 at 2018-11-02 12:29:10 -0700
Processing by PostsController#index as HTML
  Rendering posts/index.html.erb within layouts/application
  Rendered posts/index.html.erb within layouts/application (0.0ms)
Completed 200 OK in 2164ms (Views: 2152.4ms)


Started GET "/about" for 127.0.0.1 at 2018-11-02 12:35:21 -0700
Processing by PagesController#about as HTML
  Rendering pages/about.html.erb within layouts/application
  Rendered pages/about.html.erb within layouts/application (0.0ms)
Completed 200 OK in 517ms (Views: 504.9ms)


Started GET "/" for 127.0.0.1 at 2018-11-05 11:13:36 -0800
Processing by PostsController#index as HTML
  Rendering posts/index.html.erb within layouts/application
  Rendered posts/index.html.erb within layouts/application (7.0ms)
Completed 200 OK in 2189ms (Views: 1186.1ms)


Started GET "/" for 127.0.0.1 at 2018-11-05 11:44:28 -0800
Processing by PostsController#index as HTML
  Rendering posts/index.html.erb within layouts/application
  Rendered posts/index.html.erb within layouts/application (1.0ms)
Completed 200 OK in 202ms (Views: 172.0ms)


Started GET "/" for 127.0.0.1 at 2018-11-05 11:44:56 -0800
Processing by PostsController#index as HTML
  Rendering posts/index.html.erb within layouts/application
  Rendered posts/index.html.erb within layouts/application (1.0ms)
Completed 200 OK in 174ms (Views: 143.9ms)


Started GET "/" for 127.0.0.1 at 2018-11-05 12:04:04 -0800
Processing by PostsController#index as HTML
  Rendering posts/index.html.erb within layouts/application
  Rendered posts/index.html.erb within layouts/application (14.3ms)
Completed 200 OK in 3644ms (Views: 1231.2ms)


Started GET "/" for 127.0.0.1 at 2018-11-05 13:39:02 -0800
Processing by PostsController#index as HTML
  Rendering posts/index.html.erb within layouts/application
  Rendered posts/index.html.erb within layouts/application (6.0ms)
Completed 200 OK in 660ms (Views: 379.8ms)


Started GET "/posts/new" for 127.0.0.1 at 2018-11-05 13:43:44 -0800
Processing by PostsController#new as HTML
  Rendering posts/new.html.erb within layouts/application
  Rendered posts/new.html.erb within layouts/application (0.0ms)
Completed 200 OK in 85ms (Views: 73.1ms)


Started GET "/posts/new" for 127.0.0.1 at 2018-11-05 13:47:50 -0800
Processing by PostsController#new as HTML
  Rendering posts/new.html.erb within layouts/application
  Rendered posts/new.html.erb within layouts/application (258.9ms)
Completed 200 OK in 380ms (Views: 363.6ms)


Started GET "/posts/new" for 127.0.0.1 at 2018-11-05 13:50:15 -0800
Processing by PostsController#new as HTML
  Rendering posts/new.html.erb within layouts/application
  Rendered posts/new.html.erb within layouts/application (3.0ms)
Completed 200 OK in 99ms (Views: 86.3ms)


Started POST "/posts" for 127.0.0.1 at 2018-11-05 13:50:22 -0800
Processing by PostsController#create as HTML
  Parameters: {"utf8"=>"✓", "authenticity_token"=>"hBnuxslDDOwNwjEBPLMW4empBBfmTlImVK4RPoCKNht5OPajVhpvNpC+tRPvu3HQwPOvq0IVSWgV2hpQFtzohQ==", "post"=>{"title"=>"test", "body"=>"test"}, "commit"=>"Save Post"}
  Rendering text template
  Rendered text template (0.0ms)
Completed 200 OK in 7ms (Views: 5.8ms)


  [1m[35m (0.0ms)[0m  [1m[34mSELECT sqlite_version(*)[0m
  [1m[35m (36.9ms)[0m  [1m[35mCREATE TABLE "schema_migrations" ("version" varchar NOT NULL PRIMARY KEY)[0m
  [1m[35m (25.9ms)[0m  [1m[35mCREATE TABLE "ar_internal_metadata" ("key" varchar NOT NULL PRIMARY KEY, "value" varchar, "created_at" datetime NOT NULL, "updated_at" datetime NOT NULL)[0m
  [1m[35m (0.0ms)[0m  [1m[34mSELECT "schema_migrations"."version" FROM "schema_migrations" ORDER BY "schema_migrations"."version" ASC[0m
Migrating to CreatePosts (20181105215337)
  [1m[35m (0.0ms)[0m  [1m[36mbegin transaction[0m
  [1m[35m (2.0ms)[0m  [1m[35mCREATE TABLE "posts" ("id" INTEGER PRIMARY KEY AUTOINCREMENT NOT NULL, "title" varchar, "body" text, "created_at" datetime NOT NULL, "updated_at" datetime NOT NULL)[0m
  [1m[35mSQL (1.0ms)[0m  [1m[32mINSERT INTO "schema_migrations" ("version") VALUES (?)[0m  [["version", "20181105215337"]]
  [1m[35m (21.9ms)[0m  [1m[36mcommit transaction[0m
  [1m[36mActiveRecord::InternalMetadata Load (0.0ms)[0m  [1m[34mSELECT  "ar_internal_metadata".* FROM "ar_internal_metadata" WHERE "ar_internal_metadata"."key" = ? LIMIT ?[0m  [["key", "environment"], ["LIMIT", 1]]
  [1m[35m (0.0ms)[0m  [1m[36mbegin transaction[0m
  [1m[35mSQL (1.0ms)[0m  [1m[32mINSERT INTO "ar_internal_metadata" ("key", "value", "created_at", "updated_at") VALUES (?, ?, ?, ?)[0m  [["key", "environment"], ["value", "development"], ["created_at", "2018-11-05 21:54:33.476987"], ["updated_at", "2018-11-05 21:54:33.476987"]]
  [1m[35m (12.0ms)[0m  [1m[36mcommit transaction[0m
  [1m[35m (0.0ms)[0m  [1m[34mSELECT "schema_migrations"."version" FROM "schema_migrations" ORDER BY "schema_migrations"."version" ASC[0m
Started POST "/posts" for 127.0.0.1 at 2018-11-05 13:58:43 -0800
  [1m[35m (0.0ms)[0m  [1m[34mSELECT "schema_migrations"."version" FROM "schema_migrations" ORDER BY "schema_migrations"."version" ASC[0m
Processing by PostsController#create as HTML
  Parameters: {"utf8"=>"✓", "authenticity_token"=>"hBnuxslDDOwNwjEBPLMW4empBBfmTlImVK4RPoCKNht5OPajVhpvNpC+tRPvu3HQwPOvq0IVSWgV2hpQFtzohQ==", "post"=>{"title"=>"test", "body"=>"test"}, "commit"=>"Save Post"}
  [1m[35m (0.0ms)[0m  [1m[36mbegin transaction[0m
  [1m[35mSQL (2.0ms)[0m  [1m[32mINSERT INTO "posts" ("title", "body", "created_at", "updated_at") VALUES (?, ?, ?, ?)[0m  [["title", "test"], ["body", "test"], ["created_at", "2018-11-05 21:58:43.578763"], ["updated_at", "2018-11-05 21:58:43.578763"]]
  [1m[35m (27.9ms)[0m  [1m[36mcommit transaction[0m
Redirected to http://localhost:3000/posts/1
Completed 302 Found in 54ms (ActiveRecord: 31.9ms)


Started GET "/posts/1" for 127.0.0.1 at 2018-11-05 13:58:43 -0800
Processing by PostsController#show as HTML
  Parameters: {"id"=>"1"}
  [1m[36mPost Load (0.0ms)[0m  [1m[34mSELECT  "posts".* FROM "posts" WHERE "posts"."id" = ? LIMIT ?[0m  [["id", 1], ["LIMIT", 1]]
  Rendering posts/show.html.erb within layouts/application
  Rendered posts/show.html.erb within layouts/application (4.1ms)
Completed 500 Internal Server Error in 87ms (ActiveRecord: 0.0ms)


  
SyntaxError (c:/Sites/BlockChain/app/views/posts/show.html.erb:1: syntax error, unexpected '=', expecting keyword_end
...r.safe_append='<h2> '.freeze; = @post.title ;@output_buffer....
...                               ^):
  
app/views/posts/show.html.erb:1: syntax error, unexpected '=', expecting keyword_end
Started GET "/posts" for 127.0.0.1 at 2018-11-05 13:58:47 -0800
Processing by PostsController#index as HTML
  Rendering posts/index.html.erb within layouts/application
  Rendered posts/index.html.erb within layouts/application (1.0ms)
Completed 200 OK in 666ms (Views: 387.6ms | ActiveRecord: 0.0ms)


Started GET "/posts/new" for 127.0.0.1 at 2018-11-05 13:58:53 -0800
Processing by PostsController#new as HTML
  Rendering posts/new.html.erb within layouts/application
  Rendered posts/new.html.erb within layouts/application (2.0ms)
Completed 200 OK in 91ms (Views: 78.6ms | ActiveRecord: 0.0ms)


Started POST "/posts" for 127.0.0.1 at 2018-11-05 13:59:11 -0800
Processing by PostsController#create as HTML
  Parameters: {"utf8"=>"✓", "authenticity_token"=>"FDiv4JoJ2l8JzcR96AjGGZx59cr3rBxyutSw57y0nC/pGbeFBVC5hZSxQG87AKEotSNedlP3Bzz7oLuJKuJCsQ==", "post"=>{"title"=>"post one", "body"=>"wowowowow"}, "commit"=>"Save Post"}
  [1m[35m (0.0ms)[0m  [1m[36mbegin transaction[0m
  [1m[35mSQL (2.0ms)[0m  [1m[32mINSERT INTO "posts" ("title", "body", "created_at", "updated_at") VALUES (?, ?, ?, ?)[0m  [["title", "post one"], ["body", "wowowowow"], ["created_at", "2018-11-05 21:59:11.996391"], ["updated_at", "2018-11-05 21:59:11.996391"]]
  [1m[35m (12.0ms)[0m  [1m[36mcommit transaction[0m
Redirected to http://localhost:3000/posts/2
Completed 302 Found in 31ms (ActiveRecord: 14.0ms)


Started GET "/posts/2" for 127.0.0.1 at 2018-11-05 13:59:12 -0800
Processing by PostsController#show as HTML
  Parameters: {"id"=>"2"}
  [1m[36mPost Load (0.0ms)[0m  [1m[34mSELECT  "posts".* FROM "posts" WHERE "posts"."id" = ? LIMIT ?[0m  [["id", 2], ["LIMIT", 1]]
  Rendering posts/show.html.erb within layouts/application
  Rendered posts/show.html.erb within layouts/application (1.0ms)
Completed 500 Internal Server Error in 59ms (ActiveRecord: 0.0ms)


  
SyntaxError (c:/Sites/BlockChain/app/views/posts/show.html.erb:1: syntax error, unexpected '=', expecting keyword_end
...r.safe_append='<h2> '.freeze; = @post.title ;@output_buffer....
...                               ^):
  
app/views/posts/show.html.erb:1: syntax error, unexpected '=', expecting keyword_end
Started GET "/posts/2" for 127.0.0.1 at 2018-11-05 14:00:00 -0800
Processing by PostsController#show as HTML
  Parameters: {"id"=>"2"}
  [1m[36mPost Load (0.0ms)[0m  [1m[34mSELECT  "posts".* FROM "posts" WHERE "posts"."id" = ? LIMIT ?[0m  [["id", 2], ["LIMIT", 1]]
  Rendering posts/show.html.erb within layouts/application
  Rendered posts/show.html.erb within layouts/application (0.0ms)
Completed 200 OK in 104ms (Views: 77.7ms | ActiveRecord: 0.0ms)


Started GET "/" for 127.0.0.1 at 2018-11-05 14:00:20 -0800
Processing by PostsController#index as HTML
  Rendering posts/index.html.erb within layouts/application
  Rendered posts/index.html.erb within layouts/application (1.0ms)
Completed 200 OK in 115ms (Views: 100.0ms | ActiveRecord: 0.0ms)


Started GET "/" for 127.0.0.1 at 2018-11-05 14:02:40 -0800
Processing by PostsController#index as HTML
  Rendering posts/index.html.erb within layouts/application
  [1m[36mPost Load (0.0ms)[0m  [1m[34mSELECT "posts".* FROM "posts"[0m
  Rendered posts/index.html.erb within layouts/application (9.0ms)
Completed 200 OK in 102ms (Views: 85.5ms | ActiveRecord: 1.0ms)


Started GET "/" for 127.0.0.1 at 2018-11-05 14:05:25 -0800
Processing by PostsController#index as HTML
  Rendering posts/index.html.erb within layouts/application
  [1m[36mPost Load (0.0ms)[0m  [1m[34mSELECT "posts".* FROM "posts"[0m
  Rendered posts/index.html.erb within layouts/application (4.0ms)
Completed 200 OK in 109ms (Views: 85.4ms | ActiveRecord: 0.0ms)


Started GET "/" for 127.0.0.1 at 2018-11-05 14:05:27 -0800
Processing by PostsController#index as HTML
  Rendering posts/index.html.erb within layouts/application
  [1m[36mPost Load (1.0ms)[0m  [1m[34mSELECT "posts".* FROM "posts"[0m
  Rendered posts/index.html.erb within layouts/application (5.0ms)
Completed 200 OK in 162ms (Views: 135.3ms | ActiveRecord: 1.0ms)


Started GET "/" for 127.0.0.1 at 2018-11-05 14:05:28 -0800
Processing by PostsController#index as HTML
  Rendering posts/index.html.erb within layouts/application
  [1m[36mPost Load (0.0ms)[0m  [1m[34mSELECT "posts".* FROM "posts"[0m
  Rendered posts/index.html.erb within layouts/application (2.0ms)
Completed 200 OK in 115ms (Views: 92.8ms | ActiveRecord: 0.0ms)


Started GET "/" for 127.0.0.1 at 2018-11-05 14:05:56 -0800
Processing by PostsController#index as HTML
  Rendering posts/index.html.erb within layouts/application
  [1m[36mPost Load (0.0ms)[0m  [1m[34mSELECT "posts".* FROM "posts"[0m
  Rendered posts/index.html.erb within layouts/application (3.0ms)
Completed 200 OK in 92ms (Views: 77.5ms | ActiveRecord: 0.0ms)


Started GET "/" for 127.0.0.1 at 2018-11-05 16:02:50 -0800
Processing by PostsController#index as HTML
  Rendering posts/index.html.erb within layouts/application
  [1m[36mPost Load (1.2ms)[0m  [1m[34mSELECT "posts".* FROM "posts"[0m
  Rendered posts/index.html.erb within layouts/application (18.0ms)
Completed 200 OK in 243ms (Views: 210.1ms | ActiveRecord: 1.2ms)


